[0m13:18:24.426470 [debug] [MainThread]: Sending event: {'category': 'dbt', 'action': 'invocation', 'label': 'start', 'context': [<snowplow_tracker.self_describing_json.SelfDescribingJson object at 0x10a859460>, <snowplow_tracker.self_describing_json.SelfDescribingJson object at 0x10b8dc130>, <snowplow_tracker.self_describing_json.SelfDescribingJson object at 0x10b8dc460>]}


============================== 13:18:24.443970 | 79ba5c12-1c81-4115-9dae-c003b36ae3a9 ==============================
[0m13:18:24.443970 [info ] [MainThread]: Running with dbt=1.10.19
[0m13:18:24.444358 [debug] [MainThread]: running dbt with arguments {'write_json': 'True', 'send_anonymous_usage_stats': 'True', 'indirect_selection': 'eager', 'fail_fast': 'False', 'log_format': 'default', 'log_path': 'logs', 'debug': 'False', 'warn_error': 'None', 'no_print': 'None', 'invocation_command': 'dbt init ecommerce_dbt', 'partial_parse': 'True', 'cache_selected_only': 'False', 'use_colors': 'True', 'quiet': 'False', 'log_cache_events': 'False', 'warn_error_options': 'WarnErrorOptionsV2(error=[], warn=[], silence=[])', 'target_path': 'None', 'use_experimental_parser': 'False', 'introspect': 'True', 'printer_width': '80', 'version_check': 'True', 'profiles_dir': '/Users/shawnhorner/.dbt', 'static_parser': 'True', 'empty': 'None'}
[0m13:18:24.502799 [info ] [MainThread]: Creating dbt configuration folder at /Users/shawnhorner/.dbt
[0m13:18:24.504097 [debug] [MainThread]: Starter project path: /Users/shawnhorner/Data Engineering Projects /ecommerce_analytics/venv/lib/python3.9/site-packages/dbt/include/starter_project
[0m13:18:24.520443 [info ] [MainThread]: 
Your new dbt project "ecommerce_dbt" was created!

For more information on how to configure the profiles.yml file,
please consult the dbt documentation here:

  https://docs.getdbt.com/docs/configure-your-profile

One more thing:

Need help? Don't hesitate to reach out to us via GitHub issues or on Slack:

  https://community.getdbt.com/

Happy modeling!

[0m13:18:24.520784 [info ] [MainThread]: Setting up your profile.
[0m13:22:44.447575 [info ] [MainThread]: Profile ecommerce_dbt written to /Users/shawnhorner/.dbt/profiles.yml using target's profile_template.yml and your supplied values. Run 'dbt debug' to validate the connection.
[0m13:22:44.518707 [debug] [MainThread]: Resource report: {"command_name": "init", "command_success": true, "command_wall_clock_time": 260.15353, "process_in_blocks": "0", "process_kernel_time": 0.180434, "process_mem_max_rss": "100089856", "process_out_blocks": "0", "process_user_time": 0.828922}
[0m13:22:44.519289 [debug] [MainThread]: Command `dbt init` succeeded at 13:22:44.519182 after 260.15 seconds
[0m13:22:44.519689 [debug] [MainThread]: Sending event: {'category': 'dbt', 'action': 'invocation', 'label': 'end', 'context': [<snowplow_tracker.self_describing_json.SelfDescribingJson object at 0x10a859460>, <snowplow_tracker.self_describing_json.SelfDescribingJson object at 0x10b9785e0>, <snowplow_tracker.self_describing_json.SelfDescribingJson object at 0x10b94f790>]}
[0m13:22:44.520087 [debug] [MainThread]: Flushing usage events
[0m13:22:44.871796 [debug] [MainThread]: An error was encountered while trying to flush usage events
[0m13:23:09.330428 [debug] [MainThread]: Sending event: {'category': 'dbt', 'action': 'invocation', 'label': 'start', 'context': [<snowplow_tracker.self_describing_json.SelfDescribingJson object at 0x109bdd400>, <snowplow_tracker.self_describing_json.SelfDescribingJson object at 0x10ac61130>, <snowplow_tracker.self_describing_json.SelfDescribingJson object at 0x10ac61460>]}


============================== 13:23:09.333914 | aaea951b-7357-488b-82e2-c3a6b3e4f0a4 ==============================
[0m13:23:09.333914 [info ] [MainThread]: Running with dbt=1.10.19
[0m13:23:09.334481 [debug] [MainThread]: running dbt with arguments {'profiles_dir': '/Users/shawnhorner/.dbt', 'cache_selected_only': 'False', 'target_path': 'None', 'static_parser': 'True', 'log_format': 'default', 'debug': 'False', 'printer_width': '80', 'quiet': 'False', 'log_path': 'logs', 'fail_fast': 'False', 'version_check': 'True', 'no_print': 'None', 'warn_error': 'None', 'indirect_selection': 'eager', 'use_colors': 'True', 'write_json': 'True', 'empty': 'None', 'warn_error_options': 'WarnErrorOptionsV2(error=[], warn=[], silence=[])', 'invocation_command': 'dbt debug', 'use_experimental_parser': 'False', 'send_anonymous_usage_stats': 'True', 'introspect': 'True', 'log_cache_events': 'False', 'partial_parse': 'True'}
[0m13:23:09.362255 [info ] [MainThread]: dbt version: 1.10.19
[0m13:23:09.362559 [info ] [MainThread]: python version: 3.9.6
[0m13:23:09.362756 [info ] [MainThread]: python path: /Users/shawnhorner/Data Engineering Projects /ecommerce_analytics/venv/bin/python3
[0m13:23:09.362938 [info ] [MainThread]: os info: macOS-26.2-arm64-arm-64bit
[0m13:23:09.409468 [info ] [MainThread]: Using profiles dir at /Users/shawnhorner/.dbt
[0m13:23:09.409867 [info ] [MainThread]: Using profiles.yml file at /Users/shawnhorner/.dbt/profiles.yml
[0m13:23:09.410087 [info ] [MainThread]: Using dbt_project.yml file at /Users/shawnhorner/Data Engineering Projects /ecommerce_analytics/dbt_project.yml
[0m13:23:09.411059 [info ] [MainThread]: adapter type: postgres
[0m13:23:09.411372 [info ] [MainThread]: adapter version: 1.9.1
[0m13:23:09.411573 [info ] [MainThread]: Configuration:
[0m13:23:09.411750 [info ] [MainThread]:   profiles.yml file [[32mOK found and valid[0m]
[0m13:23:09.411924 [info ] [MainThread]:   dbt_project.yml file [[31mERROR not found[0m]
[0m13:23:09.412091 [info ] [MainThread]: Required dependencies:
[0m13:23:09.412409 [debug] [MainThread]: Executing "git --help"
[0m13:23:09.430017 [debug] [MainThread]: STDOUT: "b"usage: git [-v | --version] [-h | --help] [-C <path>] [-c <name>=<value>]\n           [--exec-path[=<path>]] [--html-path] [--man-path] [--info-path]\n           [-p | --paginate | -P | --no-pager] [--no-replace-objects] [--no-lazy-fetch]\n           [--no-optional-locks] [--no-advice] [--bare] [--git-dir=<path>]\n           [--work-tree=<path>] [--namespace=<name>] [--config-env=<name>=<envvar>]\n           <command> [<args>]\n\nThese are common Git commands used in various situations:\n\nstart a working area (see also: git help tutorial)\n   clone      Clone a repository into a new directory\n   init       Create an empty Git repository or reinitialize an existing one\n\nwork on the current change (see also: git help everyday)\n   add        Add file contents to the index\n   mv         Move or rename a file, a directory, or a symlink\n   restore    Restore working tree files\n   rm         Remove files from the working tree and from the index\n\nexamine the history and state (see also: git help revisions)\n   bisect     Use binary search to find the commit that introduced a bug\n   diff       Show changes between commits, commit and working tree, etc\n   grep       Print lines matching a pattern\n   log        Show commit logs\n   show       Show various types of objects\n   status     Show the working tree status\n\ngrow, mark and tweak your common history\n   backfill   Download missing objects in a partial clone\n   branch     List, create, or delete branches\n   commit     Record changes to the repository\n   merge      Join two or more development histories together\n   rebase     Reapply commits on top of another base tip\n   reset      Reset current HEAD to the specified state\n   switch     Switch branches\n   tag        Create, list, delete or verify a tag object signed with GPG\n\ncollaborate (see also: git help workflows)\n   fetch      Download objects and refs from another repository\n   pull       Fetch from and integrate with another repository or a local branch\n   push       Update remote refs along with associated objects\n\n'git help -a' and 'git help -g' list available subcommands and some\nconcept guides. See 'git help <command>' or 'git help <concept>'\nto read about a specific subcommand or concept.\nSee 'git help git' for an overview of the system.\n""
[0m13:23:09.430632 [debug] [MainThread]: STDERR: "b''"
[0m13:23:09.430859 [info ] [MainThread]:  - git [[32mOK found[0m]

[0m13:23:09.431081 [info ] [MainThread]: Connection:
[0m13:23:09.431305 [info ] [MainThread]:   host: localhost
[0m13:23:09.431470 [info ] [MainThread]:   port: 5432
[0m13:23:09.431630 [info ] [MainThread]:   user: shawnhorner
[0m13:23:09.431788 [info ] [MainThread]:   database: ecommerce
[0m13:23:09.431950 [info ] [MainThread]:   schema: public
[0m13:23:09.432111 [info ] [MainThread]:   connect_timeout: 10
[0m13:23:09.432268 [info ] [MainThread]:   role: None
[0m13:23:09.432425 [info ] [MainThread]:   search_path: None
[0m13:23:09.432584 [info ] [MainThread]:   keepalives_idle: 0
[0m13:23:09.432739 [info ] [MainThread]:   sslmode: None
[0m13:23:09.432893 [info ] [MainThread]:   sslcert: None
[0m13:23:09.433053 [info ] [MainThread]:   sslkey: None
[0m13:23:09.433207 [info ] [MainThread]:   sslrootcert: None
[0m13:23:09.433368 [info ] [MainThread]:   application_name: dbt
[0m13:23:09.433522 [info ] [MainThread]:   retries: 1
[0m13:23:09.433935 [info ] [MainThread]: Registered adapter: postgres=1.9.1
[0m13:23:09.579419 [debug] [MainThread]: Acquiring new postgres connection 'debug'
[0m13:23:10.444069 [debug] [MainThread]: Using postgres connection "debug"
[0m13:23:10.444410 [debug] [MainThread]: On debug: select 1 as id
[0m13:23:10.444612 [debug] [MainThread]: Opening a new connection, currently in state init
[0m13:23:26.608339 [debug] [MainThread]: SQL status: SELECT 1 in 16.163 seconds
[0m13:23:26.610205 [debug] [MainThread]: On debug: Close
[0m13:23:26.610801 [info ] [MainThread]:   Connection test: [[32mOK connection ok[0m]

[0m13:23:26.611269 [info ] [MainThread]: [31m1 check failed:[0m
[0m13:23:26.611657 [info ] [MainThread]: Project loading failed for the following reason:
 project path </Users/shawnhorner/Data Engineering Projects /ecommerce_analytics/dbt_project.yml> not found

[0m13:23:26.614894 [debug] [MainThread]: Resource report: {"command_name": "debug", "command_success": false, "command_wall_clock_time": 17.33827, "process_in_blocks": "0", "process_kernel_time": 0.329169, "process_mem_max_rss": "114933760", "process_out_blocks": "0", "process_user_time": 0.946826}
[0m13:23:26.615529 [debug] [MainThread]: Command `dbt debug` failed at 13:23:26.615401 after 17.34 seconds
[0m13:23:26.615938 [debug] [MainThread]: Connection 'debug' was properly closed.
[0m13:23:26.616356 [debug] [MainThread]: Sending event: {'category': 'dbt', 'action': 'invocation', 'label': 'end', 'context': [<snowplow_tracker.self_describing_json.SelfDescribingJson object at 0x109bdd400>, <snowplow_tracker.self_describing_json.SelfDescribingJson object at 0x10b255ee0>, <snowplow_tracker.self_describing_json.SelfDescribingJson object at 0x10b255700>]}
[0m13:23:26.616818 [debug] [MainThread]: Flushing usage events
[0m13:23:26.809963 [debug] [MainThread]: An error was encountered while trying to flush usage events
[0m13:39:41.465833 [debug] [MainThread]: Sending event: {'category': 'dbt', 'action': 'invocation', 'label': 'start', 'context': [<snowplow_tracker.self_describing_json.SelfDescribingJson object at 0x10a40d490>, <snowplow_tracker.self_describing_json.SelfDescribingJson object at 0x10b491160>, <snowplow_tracker.self_describing_json.SelfDescribingJson object at 0x10b491490>]}


============================== 13:39:41.469255 | 0cbe91cc-d509-49f8-ba5f-0b0fd8aebf22 ==============================
[0m13:39:41.469255 [info ] [MainThread]: Running with dbt=1.10.19
[0m13:39:41.469601 [debug] [MainThread]: running dbt with arguments {'invocation_command': 'dbt debug', 'version_check': 'True', 'log_path': 'logs', 'fail_fast': 'False', 'send_anonymous_usage_stats': 'True', 'use_experimental_parser': 'False', 'static_parser': 'True', 'target_path': 'None', 'warn_error_options': 'WarnErrorOptionsV2(error=[], warn=[], silence=[])', 'log_cache_events': 'False', 'partial_parse': 'True', 'printer_width': '80', 'write_json': 'True', 'indirect_selection': 'eager', 'cache_selected_only': 'False', 'empty': 'None', 'no_print': 'None', 'log_format': 'default', 'introspect': 'True', 'debug': 'False', 'use_colors': 'True', 'quiet': 'False', 'profiles_dir': '/Users/shawnhorner/.dbt', 'warn_error': 'None'}
[0m13:39:41.487584 [info ] [MainThread]: dbt version: 1.10.19
[0m13:39:41.487892 [info ] [MainThread]: python version: 3.9.6
[0m13:39:41.488086 [info ] [MainThread]: python path: /Users/shawnhorner/Data Engineering Projects /ecommerce_analytics/venv/bin/python3
[0m13:39:41.488268 [info ] [MainThread]: os info: macOS-26.2-arm64-arm-64bit
[0m13:39:41.561346 [info ] [MainThread]: Using profiles dir at /Users/shawnhorner/.dbt
[0m13:39:41.561681 [info ] [MainThread]: Using profiles.yml file at /Users/shawnhorner/.dbt/profiles.yml
[0m13:39:41.561870 [info ] [MainThread]: Using dbt_project.yml file at /Users/shawnhorner/Data Engineering Projects /ecommerce_analytics/dbt_project.yml
[0m13:39:41.562376 [info ] [MainThread]: adapter type: postgres
[0m13:39:41.562598 [info ] [MainThread]: adapter version: 1.9.1
[0m13:39:41.562793 [info ] [MainThread]: Configuration:
[0m13:39:41.562972 [info ] [MainThread]:   profiles.yml file [[32mOK found and valid[0m]
[0m13:39:41.563146 [info ] [MainThread]:   dbt_project.yml file [[31mERROR not found[0m]
[0m13:39:41.563313 [info ] [MainThread]: Required dependencies:
[0m13:39:41.563609 [debug] [MainThread]: Executing "git --help"
[0m13:39:41.582175 [debug] [MainThread]: STDOUT: "b"usage: git [-v | --version] [-h | --help] [-C <path>] [-c <name>=<value>]\n           [--exec-path[=<path>]] [--html-path] [--man-path] [--info-path]\n           [-p | --paginate | -P | --no-pager] [--no-replace-objects] [--no-lazy-fetch]\n           [--no-optional-locks] [--no-advice] [--bare] [--git-dir=<path>]\n           [--work-tree=<path>] [--namespace=<name>] [--config-env=<name>=<envvar>]\n           <command> [<args>]\n\nThese are common Git commands used in various situations:\n\nstart a working area (see also: git help tutorial)\n   clone      Clone a repository into a new directory\n   init       Create an empty Git repository or reinitialize an existing one\n\nwork on the current change (see also: git help everyday)\n   add        Add file contents to the index\n   mv         Move or rename a file, a directory, or a symlink\n   restore    Restore working tree files\n   rm         Remove files from the working tree and from the index\n\nexamine the history and state (see also: git help revisions)\n   bisect     Use binary search to find the commit that introduced a bug\n   diff       Show changes between commits, commit and working tree, etc\n   grep       Print lines matching a pattern\n   log        Show commit logs\n   show       Show various types of objects\n   status     Show the working tree status\n\ngrow, mark and tweak your common history\n   backfill   Download missing objects in a partial clone\n   branch     List, create, or delete branches\n   commit     Record changes to the repository\n   merge      Join two or more development histories together\n   rebase     Reapply commits on top of another base tip\n   reset      Reset current HEAD to the specified state\n   switch     Switch branches\n   tag        Create, list, delete or verify a tag object signed with GPG\n\ncollaborate (see also: git help workflows)\n   fetch      Download objects and refs from another repository\n   pull       Fetch from and integrate with another repository or a local branch\n   push       Update remote refs along with associated objects\n\n'git help -a' and 'git help -g' list available subcommands and some\nconcept guides. See 'git help <command>' or 'git help <concept>'\nto read about a specific subcommand or concept.\nSee 'git help git' for an overview of the system.\n""
[0m13:39:41.582808 [debug] [MainThread]: STDERR: "b''"
[0m13:39:41.583028 [info ] [MainThread]:  - git [[32mOK found[0m]

[0m13:39:41.583240 [info ] [MainThread]: Connection:
[0m13:39:41.583577 [info ] [MainThread]:   host: localhost
[0m13:39:41.583774 [info ] [MainThread]:   port: 5432
[0m13:39:41.583951 [info ] [MainThread]:   user: shawnhorner
[0m13:39:41.584119 [info ] [MainThread]:   database: ecommerce
[0m13:39:41.584294 [info ] [MainThread]:   schema: public
[0m13:39:41.584456 [info ] [MainThread]:   connect_timeout: 10
[0m13:39:41.584618 [info ] [MainThread]:   role: None
[0m13:39:41.584777 [info ] [MainThread]:   search_path: None
[0m13:39:41.584934 [info ] [MainThread]:   keepalives_idle: 0
[0m13:39:41.585091 [info ] [MainThread]:   sslmode: None
[0m13:39:41.585255 [info ] [MainThread]:   sslcert: None
[0m13:39:41.585417 [info ] [MainThread]:   sslkey: None
[0m13:39:41.585576 [info ] [MainThread]:   sslrootcert: None
[0m13:39:41.585733 [info ] [MainThread]:   application_name: dbt
[0m13:39:41.585892 [info ] [MainThread]:   retries: 1
[0m13:39:41.586299 [info ] [MainThread]: Registered adapter: postgres=1.9.1
[0m13:39:41.660884 [debug] [MainThread]: Acquiring new postgres connection 'debug'
[0m13:39:41.766106 [debug] [MainThread]: Using postgres connection "debug"
[0m13:39:41.766392 [debug] [MainThread]: On debug: select 1 as id
[0m13:39:41.766579 [debug] [MainThread]: Opening a new connection, currently in state init
[0m13:39:41.819119 [debug] [MainThread]: SQL status: SELECT 1 in 0.052 seconds
[0m13:39:41.819853 [debug] [MainThread]: On debug: Close
[0m13:39:41.820103 [info ] [MainThread]:   Connection test: [[32mOK connection ok[0m]

[0m13:39:41.820321 [info ] [MainThread]: [31m1 check failed:[0m
[0m13:39:41.820514 [info ] [MainThread]: Project loading failed for the following reason:
 project path </Users/shawnhorner/Data Engineering Projects /ecommerce_analytics/dbt_project.yml> not found

[0m13:39:41.823185 [debug] [MainThread]: Resource report: {"command_name": "debug", "command_success": false, "command_wall_clock_time": 0.40762645, "process_in_blocks": "0", "process_kernel_time": 0.272059, "process_mem_max_rss": "114475008", "process_out_blocks": "0", "process_user_time": 0.899456}
[0m13:39:41.823503 [debug] [MainThread]: Command `dbt debug` failed at 13:39:41.823436 after 0.41 seconds
[0m13:39:41.823750 [debug] [MainThread]: Connection 'debug' was properly closed.
[0m13:39:41.823979 [debug] [MainThread]: Sending event: {'category': 'dbt', 'action': 'invocation', 'label': 'end', 'context': [<snowplow_tracker.self_describing_json.SelfDescribingJson object at 0x10a40d490>, <snowplow_tracker.self_describing_json.SelfDescribingJson object at 0x10ba5ca90>, <snowplow_tracker.self_describing_json.SelfDescribingJson object at 0x10ba5cb20>]}
[0m13:39:41.824247 [debug] [MainThread]: Flushing usage events
[0m13:39:42.075239 [debug] [MainThread]: An error was encountered while trying to flush usage events
